2025-08-12 21:59:40 INFO  com.minh.shopee.ShopeeApplication - Starting ShopeeApplication using Java 17.0.12 with PID 13464 (C:\Users\abcxy\OneDrive\Desktop\workspace\project\shopee_clone\backend-clone-shopee\target\classes started by abcxy in C:\Users\abcxy\OneDrive\Desktop\workspace\project\shopee_clone\backend-clone-shopee)
2025-08-12 21:59:40 DEBUG com.minh.shopee.ShopeeApplication - Running with Spring Boot v3.4.5, Spring v6.2.6
2025-08-12 21:59:40 INFO  com.minh.shopee.ShopeeApplication - No active profile set, falling back to 1 default profile: "default"
2025-08-12 21:59:56 INFO  com.minh.shopee.ShopeeApplication - Started ShopeeApplication in 16.326 seconds (process running for 17.223)
2025-08-12 22:01:23 INFO  com.minh.shopee.ShopeeApplication - Starting ShopeeApplication using Java 17.0.12 with PID 13464 (C:\Users\abcxy\OneDrive\Desktop\workspace\project\shopee_clone\backend-clone-shopee\target\classes started by abcxy in C:\Users\abcxy\OneDrive\Desktop\workspace\project\shopee_clone\backend-clone-shopee)
2025-08-12 22:01:23 DEBUG com.minh.shopee.ShopeeApplication - Running with Spring Boot v3.4.5, Spring v6.2.6
2025-08-12 22:01:23 INFO  com.minh.shopee.ShopeeApplication - No active profile set, falling back to 1 default profile: "default"
2025-08-12 22:01:26 INFO  com.minh.shopee.ShopeeApplication - Started ShopeeApplication in 3.057 seconds (process running for 107.882)
2025-08-12 22:01:41 INFO  com.minh.shopee.ShopeeApplication - Starting ShopeeApplication using Java 17.0.12 with PID 13464 (C:\Users\abcxy\OneDrive\Desktop\workspace\project\shopee_clone\backend-clone-shopee\target\classes started by abcxy in C:\Users\abcxy\OneDrive\Desktop\workspace\project\shopee_clone\backend-clone-shopee)
2025-08-12 22:01:41 DEBUG com.minh.shopee.ShopeeApplication - Running with Spring Boot v3.4.5, Spring v6.2.6
2025-08-12 22:01:41 INFO  com.minh.shopee.ShopeeApplication - No active profile set, falling back to 1 default profile: "default"
2025-08-12 22:01:46 INFO  com.minh.shopee.ShopeeApplication - Started ShopeeApplication in 5.645 seconds (process running for 127.884)
2025-08-12 22:01:48 INFO  com.minh.shopee.ShopeeApplication - Starting ShopeeApplication using Java 17.0.12 with PID 13464 (C:\Users\abcxy\OneDrive\Desktop\workspace\project\shopee_clone\backend-clone-shopee\target\classes started by abcxy in C:\Users\abcxy\OneDrive\Desktop\workspace\project\shopee_clone\backend-clone-shopee)
2025-08-12 22:01:48 DEBUG com.minh.shopee.ShopeeApplication - Running with Spring Boot v3.4.5, Spring v6.2.6
2025-08-12 22:01:48 INFO  com.minh.shopee.ShopeeApplication - No active profile set, falling back to 1 default profile: "default"
2025-08-12 22:01:50 INFO  com.minh.shopee.ShopeeApplication - Started ShopeeApplication in 2.106 seconds (process running for 131.586)
2025-08-12 22:02:14 INFO  com.minh.shopee.ShopeeApplication - Starting ShopeeApplication using Java 17.0.12 with PID 13464 (C:\Users\abcxy\OneDrive\Desktop\workspace\project\shopee_clone\backend-clone-shopee\target\classes started by abcxy in C:\Users\abcxy\OneDrive\Desktop\workspace\project\shopee_clone\backend-clone-shopee)
2025-08-12 22:02:14 DEBUG com.minh.shopee.ShopeeApplication - Running with Spring Boot v3.4.5, Spring v6.2.6
2025-08-12 22:02:14 INFO  com.minh.shopee.ShopeeApplication - No active profile set, falling back to 1 default profile: "default"
2025-08-12 22:02:20 INFO  com.minh.shopee.ShopeeApplication - Started ShopeeApplication in 5.964 seconds (process running for 161.943)
2025-08-12 22:02:22 INFO  com.minh.shopee.ShopeeApplication - Starting ShopeeApplication using Java 17.0.12 with PID 13464 (C:\Users\abcxy\OneDrive\Desktop\workspace\project\shopee_clone\backend-clone-shopee\target\classes started by abcxy in C:\Users\abcxy\OneDrive\Desktop\workspace\project\shopee_clone\backend-clone-shopee)
2025-08-12 22:02:22 DEBUG com.minh.shopee.ShopeeApplication - Running with Spring Boot v3.4.5, Spring v6.2.6
2025-08-12 22:02:22 INFO  com.minh.shopee.ShopeeApplication - No active profile set, falling back to 1 default profile: "default"
2025-08-12 22:02:24 INFO  com.minh.shopee.ShopeeApplication - Started ShopeeApplication in 1.643 seconds (process running for 165.201)
2025-08-12 22:02:44 INFO  com.minh.shopee.ShopeeApplication - Starting ShopeeApplication using Java 17.0.12 with PID 13464 (C:\Users\abcxy\OneDrive\Desktop\workspace\project\shopee_clone\backend-clone-shopee\target\classes started by abcxy in C:\Users\abcxy\OneDrive\Desktop\workspace\project\shopee_clone\backend-clone-shopee)
2025-08-12 22:02:44 DEBUG com.minh.shopee.ShopeeApplication - Running with Spring Boot v3.4.5, Spring v6.2.6
2025-08-12 22:02:44 INFO  com.minh.shopee.ShopeeApplication - No active profile set, falling back to 1 default profile: "default"
2025-08-12 22:02:46 INFO  com.minh.shopee.ShopeeApplication - Started ShopeeApplication in 2.145 seconds (process running for 187.755)
2025-08-12 22:03:19 INFO  com.minh.shopee.ShopeeApplication - Starting ShopeeApplication using Java 17.0.12 with PID 13464 (C:\Users\abcxy\OneDrive\Desktop\workspace\project\shopee_clone\backend-clone-shopee\target\classes started by abcxy in C:\Users\abcxy\OneDrive\Desktop\workspace\project\shopee_clone\backend-clone-shopee)
2025-08-12 22:03:19 DEBUG com.minh.shopee.ShopeeApplication - Running with Spring Boot v3.4.5, Spring v6.2.6
2025-08-12 22:03:19 INFO  com.minh.shopee.ShopeeApplication - No active profile set, falling back to 1 default profile: "default"
2025-08-12 22:03:20 INFO  com.minh.shopee.ShopeeApplication - Started ShopeeApplication in 1.522 seconds (process running for 221.91)
2025-08-12 22:04:30 INFO  com.minh.shopee.ShopeeApplication - Starting ShopeeApplication using Java 17.0.12 with PID 13464 (C:\Users\abcxy\OneDrive\Desktop\workspace\project\shopee_clone\backend-clone-shopee\target\classes started by abcxy in C:\Users\abcxy\OneDrive\Desktop\workspace\project\shopee_clone\backend-clone-shopee)
2025-08-12 22:04:30 DEBUG com.minh.shopee.ShopeeApplication - Running with Spring Boot v3.4.5, Spring v6.2.6
2025-08-12 22:04:30 INFO  com.minh.shopee.ShopeeApplication - No active profile set, falling back to 1 default profile: "default"
2025-08-12 22:04:32 INFO  com.minh.shopee.ShopeeApplication - Started ShopeeApplication in 1.725 seconds (process running for 293.451)
2025-08-12 22:05:21 INFO  com.minh.shopee.ShopeeApplication - Starting ShopeeApplication using Java 17.0.12 with PID 13464 (C:\Users\abcxy\OneDrive\Desktop\workspace\project\shopee_clone\backend-clone-shopee\target\classes started by abcxy in C:\Users\abcxy\OneDrive\Desktop\workspace\project\shopee_clone\backend-clone-shopee)
2025-08-12 22:05:21 DEBUG com.minh.shopee.ShopeeApplication - Running with Spring Boot v3.4.5, Spring v6.2.6
2025-08-12 22:05:21 INFO  com.minh.shopee.ShopeeApplication - No active profile set, falling back to 1 default profile: "default"
2025-08-12 22:05:23 INFO  com.minh.shopee.ShopeeApplication - Started ShopeeApplication in 1.961 seconds (process running for 344.885)
2025-08-12 22:05:35 INFO  com.minh.shopee.ShopeeApplication - Starting ShopeeApplication using Java 17.0.12 with PID 13464 (C:\Users\abcxy\OneDrive\Desktop\workspace\project\shopee_clone\backend-clone-shopee\target\classes started by abcxy in C:\Users\abcxy\OneDrive\Desktop\workspace\project\shopee_clone\backend-clone-shopee)
2025-08-12 22:05:35 DEBUG com.minh.shopee.ShopeeApplication - Running with Spring Boot v3.4.5, Spring v6.2.6
2025-08-12 22:05:35 INFO  com.minh.shopee.ShopeeApplication - No active profile set, falling back to 1 default profile: "default"
2025-08-12 22:05:37 INFO  com.minh.shopee.ShopeeApplication - Started ShopeeApplication in 1.923 seconds (process running for 358.126)
2025-08-12 22:07:21 INFO  com.minh.shopee.ShopeeApplication - Starting ShopeeApplication using Java 17.0.12 with PID 13464 (C:\Users\abcxy\OneDrive\Desktop\workspace\project\shopee_clone\backend-clone-shopee\target\classes started by abcxy in C:\Users\abcxy\OneDrive\Desktop\workspace\project\shopee_clone\backend-clone-shopee)
2025-08-12 22:07:21 DEBUG com.minh.shopee.ShopeeApplication - Running with Spring Boot v3.4.5, Spring v6.2.6
2025-08-12 22:07:21 INFO  com.minh.shopee.ShopeeApplication - No active profile set, falling back to 1 default profile: "default"
2025-08-12 22:07:23 INFO  com.minh.shopee.ShopeeApplication - Started ShopeeApplication in 1.969 seconds (process running for 464.624)
2025-08-12 22:07:48 INFO  com.minh.shopee.ShopeeApplication - Starting ShopeeApplication using Java 17.0.12 with PID 13464 (C:\Users\abcxy\OneDrive\Desktop\workspace\project\shopee_clone\backend-clone-shopee\target\classes started by abcxy in C:\Users\abcxy\OneDrive\Desktop\workspace\project\shopee_clone\backend-clone-shopee)
2025-08-12 22:07:48 DEBUG com.minh.shopee.ShopeeApplication - Running with Spring Boot v3.4.5, Spring v6.2.6
2025-08-12 22:07:48 INFO  com.minh.shopee.ShopeeApplication - No active profile set, falling back to 1 default profile: "default"
2025-08-12 22:07:51 INFO  com.minh.shopee.ShopeeApplication - Started ShopeeApplication in 3.279 seconds (process running for 492.431)
2025-08-12 22:07:53 INFO  com.minh.shopee.ShopeeApplication - Starting ShopeeApplication using Java 17.0.12 with PID 13464 (C:\Users\abcxy\OneDrive\Desktop\workspace\project\shopee_clone\backend-clone-shopee\target\classes started by abcxy in C:\Users\abcxy\OneDrive\Desktop\workspace\project\shopee_clone\backend-clone-shopee)
2025-08-12 22:07:53 DEBUG com.minh.shopee.ShopeeApplication - Running with Spring Boot v3.4.5, Spring v6.2.6
2025-08-12 22:07:53 INFO  com.minh.shopee.ShopeeApplication - No active profile set, falling back to 1 default profile: "default"
2025-08-12 22:07:54 INFO  com.minh.shopee.ShopeeApplication - Started ShopeeApplication in 1.888 seconds (process running for 496.104)
2025-08-12 22:07:59 INFO  com.minh.shopee.ShopeeApplication - Starting ShopeeApplication using Java 17.0.12 with PID 13464 (C:\Users\abcxy\OneDrive\Desktop\workspace\project\shopee_clone\backend-clone-shopee\target\classes started by abcxy in C:\Users\abcxy\OneDrive\Desktop\workspace\project\shopee_clone\backend-clone-shopee)
2025-08-12 22:07:59 DEBUG com.minh.shopee.ShopeeApplication - Running with Spring Boot v3.4.5, Spring v6.2.6
2025-08-12 22:07:59 INFO  com.minh.shopee.ShopeeApplication - No active profile set, falling back to 1 default profile: "default"
2025-08-12 22:08:01 INFO  com.minh.shopee.ShopeeApplication - Started ShopeeApplication in 1.513 seconds (process running for 502.501)
2025-08-12 22:08:07 INFO  com.minh.shopee.ShopeeApplication - Starting ShopeeApplication using Java 17.0.12 with PID 13464 (C:\Users\abcxy\OneDrive\Desktop\workspace\project\shopee_clone\backend-clone-shopee\target\classes started by abcxy in C:\Users\abcxy\OneDrive\Desktop\workspace\project\shopee_clone\backend-clone-shopee)
2025-08-12 22:08:07 DEBUG com.minh.shopee.ShopeeApplication - Running with Spring Boot v3.4.5, Spring v6.2.6
2025-08-12 22:08:07 INFO  com.minh.shopee.ShopeeApplication - No active profile set, falling back to 1 default profile: "default"
2025-08-12 22:08:09 INFO  com.minh.shopee.ShopeeApplication - Started ShopeeApplication in 2.577 seconds (process running for 510.983)
2025-08-12 22:08:20 INFO  com.minh.shopee.ShopeeApplication - Starting ShopeeApplication using Java 17.0.12 with PID 13464 (C:\Users\abcxy\OneDrive\Desktop\workspace\project\shopee_clone\backend-clone-shopee\target\classes started by abcxy in C:\Users\abcxy\OneDrive\Desktop\workspace\project\shopee_clone\backend-clone-shopee)
2025-08-12 22:08:20 DEBUG com.minh.shopee.ShopeeApplication - Running with Spring Boot v3.4.5, Spring v6.2.6
2025-08-12 22:08:20 INFO  com.minh.shopee.ShopeeApplication - No active profile set, falling back to 1 default profile: "default"
2025-08-12 22:08:23 INFO  com.minh.shopee.ShopeeApplication - Started ShopeeApplication in 3.404 seconds (process running for 524.863)
2025-08-12 22:09:08 INFO  com.minh.shopee.ShopeeApplication - Starting ShopeeApplication using Java 17.0.12 with PID 13464 (C:\Users\abcxy\OneDrive\Desktop\workspace\project\shopee_clone\backend-clone-shopee\target\classes started by abcxy in C:\Users\abcxy\OneDrive\Desktop\workspace\project\shopee_clone\backend-clone-shopee)
2025-08-12 22:09:08 DEBUG com.minh.shopee.ShopeeApplication - Running with Spring Boot v3.4.5, Spring v6.2.6
2025-08-12 22:09:08 INFO  com.minh.shopee.ShopeeApplication - No active profile set, falling back to 1 default profile: "default"
2025-08-12 22:09:11 INFO  com.minh.shopee.ShopeeApplication - Started ShopeeApplication in 2.706 seconds (process running for 572.155)
2025-08-12 22:09:24 INFO  com.minh.shopee.ShopeeApplication - Starting ShopeeApplication using Java 17.0.12 with PID 13464 (C:\Users\abcxy\OneDrive\Desktop\workspace\project\shopee_clone\backend-clone-shopee\target\classes started by abcxy in C:\Users\abcxy\OneDrive\Desktop\workspace\project\shopee_clone\backend-clone-shopee)
2025-08-12 22:09:24 DEBUG com.minh.shopee.ShopeeApplication - Running with Spring Boot v3.4.5, Spring v6.2.6
2025-08-12 22:09:24 INFO  com.minh.shopee.ShopeeApplication - No active profile set, falling back to 1 default profile: "default"
2025-08-12 22:09:26 INFO  com.minh.shopee.ShopeeApplication - Started ShopeeApplication in 2.146 seconds (process running for 587.784)
2025-08-12 22:09:33 INFO  com.minh.shopee.ShopeeApplication - Starting ShopeeApplication using Java 17.0.12 with PID 13464 (C:\Users\abcxy\OneDrive\Desktop\workspace\project\shopee_clone\backend-clone-shopee\target\classes started by abcxy in C:\Users\abcxy\OneDrive\Desktop\workspace\project\shopee_clone\backend-clone-shopee)
2025-08-12 22:09:33 DEBUG com.minh.shopee.ShopeeApplication - Running with Spring Boot v3.4.5, Spring v6.2.6
2025-08-12 22:09:33 INFO  com.minh.shopee.ShopeeApplication - No active profile set, falling back to 1 default profile: "default"
2025-08-12 22:09:35 INFO  com.minh.shopee.ShopeeApplication - Started ShopeeApplication in 2.087 seconds (process running for 596.833)
2025-08-12 22:09:42 INFO  com.minh.shopee.ShopeeApplication - Starting ShopeeApplication using Java 17.0.12 with PID 13464 (C:\Users\abcxy\OneDrive\Desktop\workspace\project\shopee_clone\backend-clone-shopee\target\classes started by abcxy in C:\Users\abcxy\OneDrive\Desktop\workspace\project\shopee_clone\backend-clone-shopee)
2025-08-12 22:09:42 DEBUG com.minh.shopee.ShopeeApplication - Running with Spring Boot v3.4.5, Spring v6.2.6
2025-08-12 22:09:42 INFO  com.minh.shopee.ShopeeApplication - No active profile set, falling back to 1 default profile: "default"
2025-08-12 22:09:47 INFO  com.minh.shopee.ShopeeApplication - Started ShopeeApplication in 5.26 seconds (process running for 608.461)
2025-08-12 22:09:49 INFO  com.minh.shopee.ShopeeApplication - Starting ShopeeApplication using Java 17.0.12 with PID 13464 (C:\Users\abcxy\OneDrive\Desktop\workspace\project\shopee_clone\backend-clone-shopee\target\classes started by abcxy in C:\Users\abcxy\OneDrive\Desktop\workspace\project\shopee_clone\backend-clone-shopee)
2025-08-12 22:09:49 DEBUG com.minh.shopee.ShopeeApplication - Running with Spring Boot v3.4.5, Spring v6.2.6
2025-08-12 22:09:49 INFO  com.minh.shopee.ShopeeApplication - No active profile set, falling back to 1 default profile: "default"
2025-08-12 22:09:51 INFO  com.minh.shopee.ShopeeApplication - Started ShopeeApplication in 2.24 seconds (process running for 612.897)
2025-08-12 22:10:04 INFO  com.minh.shopee.ShopeeApplication - Starting ShopeeApplication using Java 17.0.12 with PID 5160 (C:\Users\abcxy\OneDrive\Desktop\workspace\project\shopee_clone\backend-clone-shopee\target\classes started by abcxy in C:\Users\abcxy\OneDrive\Desktop\workspace\project\shopee_clone\backend-clone-shopee)
2025-08-12 22:10:04 DEBUG com.minh.shopee.ShopeeApplication - Running with Spring Boot v3.4.5, Spring v6.2.6
2025-08-12 22:10:04 INFO  com.minh.shopee.ShopeeApplication - No active profile set, falling back to 1 default profile: "default"
2025-08-12 22:10:37 INFO  com.minh.shopee.ShopeeApplication - Started ShopeeApplication in 34.541 seconds (process running for 35.446)
2025-08-12 22:10:56 INFO  com.minh.shopee.ShopeeApplication - Starting ShopeeApplication using Java 17.0.12 with PID 5160 (C:\Users\abcxy\OneDrive\Desktop\workspace\project\shopee_clone\backend-clone-shopee\target\classes started by abcxy in C:\Users\abcxy\OneDrive\Desktop\workspace\project\shopee_clone\backend-clone-shopee)
2025-08-12 22:10:56 DEBUG com.minh.shopee.ShopeeApplication - Running with Spring Boot v3.4.5, Spring v6.2.6
2025-08-12 22:10:56 INFO  com.minh.shopee.ShopeeApplication - No active profile set, falling back to 1 default profile: "default"
2025-08-12 22:11:04 INFO  com.minh.shopee.ShopeeApplication - Started ShopeeApplication in 7.779 seconds (process running for 62.001)
2025-08-12 22:11:12 INFO  com.minh.shopee.ShopeeApplication - Starting ShopeeApplication using Java 17.0.12 with PID 5160 (C:\Users\abcxy\OneDrive\Desktop\workspace\project\shopee_clone\backend-clone-shopee\target\classes started by abcxy in C:\Users\abcxy\OneDrive\Desktop\workspace\project\shopee_clone\backend-clone-shopee)
2025-08-12 22:11:12 DEBUG com.minh.shopee.ShopeeApplication - Running with Spring Boot v3.4.5, Spring v6.2.6
2025-08-12 22:11:12 INFO  com.minh.shopee.ShopeeApplication - No active profile set, falling back to 1 default profile: "default"
2025-08-12 22:11:16 INFO  com.minh.shopee.ShopeeApplication - Started ShopeeApplication in 4.083 seconds (process running for 74.686)
2025-08-12 22:11:18 INFO  com.minh.shopee.ShopeeApplication - Starting ShopeeApplication using Java 17.0.12 with PID 5160 (C:\Users\abcxy\OneDrive\Desktop\workspace\project\shopee_clone\backend-clone-shopee\target\classes started by abcxy in C:\Users\abcxy\OneDrive\Desktop\workspace\project\shopee_clone\backend-clone-shopee)
2025-08-12 22:11:18 DEBUG com.minh.shopee.ShopeeApplication - Running with Spring Boot v3.4.5, Spring v6.2.6
2025-08-12 22:11:18 INFO  com.minh.shopee.ShopeeApplication - No active profile set, falling back to 1 default profile: "default"
2025-08-12 22:11:22 INFO  com.minh.shopee.ShopeeApplication - Started ShopeeApplication in 3.266 seconds (process running for 79.799)
2025-08-12 22:11:28 INFO  com.minh.shopee.ShopeeApplication - Starting ShopeeApplication using Java 17.0.12 with PID 5160 (C:\Users\abcxy\OneDrive\Desktop\workspace\project\shopee_clone\backend-clone-shopee\target\classes started by abcxy in C:\Users\abcxy\OneDrive\Desktop\workspace\project\shopee_clone\backend-clone-shopee)
2025-08-12 22:11:28 DEBUG com.minh.shopee.ShopeeApplication - Running with Spring Boot v3.4.5, Spring v6.2.6
2025-08-12 22:11:28 INFO  com.minh.shopee.ShopeeApplication - No active profile set, falling back to 1 default profile: "default"
2025-08-12 22:11:31 INFO  com.minh.shopee.ShopeeApplication - Started ShopeeApplication in 3.417 seconds (process running for 89.591)
2025-08-12 22:11:53 INFO  com.minh.shopee.ShopeeApplication - Starting ShopeeApplication using Java 17.0.12 with PID 5160 (C:\Users\abcxy\OneDrive\Desktop\workspace\project\shopee_clone\backend-clone-shopee\target\classes started by abcxy in C:\Users\abcxy\OneDrive\Desktop\workspace\project\shopee_clone\backend-clone-shopee)
2025-08-12 22:11:53 DEBUG com.minh.shopee.ShopeeApplication - Running with Spring Boot v3.4.5, Spring v6.2.6
2025-08-12 22:11:53 INFO  com.minh.shopee.ShopeeApplication - No active profile set, falling back to 1 default profile: "default"
2025-08-12 22:11:56 INFO  com.minh.shopee.ShopeeApplication - Started ShopeeApplication in 2.895 seconds (process running for 114.507)
2025-08-12 22:12:25 INFO  com.minh.shopee.ShopeeApplication - Starting ShopeeApplication using Java 17.0.12 with PID 5160 (C:\Users\abcxy\OneDrive\Desktop\workspace\project\shopee_clone\backend-clone-shopee\target\classes started by abcxy in C:\Users\abcxy\OneDrive\Desktop\workspace\project\shopee_clone\backend-clone-shopee)
2025-08-12 22:12:25 DEBUG com.minh.shopee.ShopeeApplication - Running with Spring Boot v3.4.5, Spring v6.2.6
2025-08-12 22:12:25 INFO  com.minh.shopee.ShopeeApplication - No active profile set, falling back to 1 default profile: "default"
2025-08-12 22:12:28 INFO  com.minh.shopee.ShopeeApplication - Started ShopeeApplication in 2.619 seconds (process running for 146.255)
2025-08-12 22:13:20 INFO  com.minh.shopee.ShopeeApplication - Starting ShopeeApplication using Java 17.0.12 with PID 5160 (C:\Users\abcxy\OneDrive\Desktop\workspace\project\shopee_clone\backend-clone-shopee\target\classes started by abcxy in C:\Users\abcxy\OneDrive\Desktop\workspace\project\shopee_clone\backend-clone-shopee)
2025-08-12 22:13:20 DEBUG com.minh.shopee.ShopeeApplication - Running with Spring Boot v3.4.5, Spring v6.2.6
2025-08-12 22:13:20 INFO  com.minh.shopee.ShopeeApplication - No active profile set, falling back to 1 default profile: "default"
2025-08-12 22:13:22 INFO  com.minh.shopee.ShopeeApplication - Started ShopeeApplication in 2.197 seconds (process running for 200.177)
2025-08-12 22:13:26 INFO  com.minh.shopee.ShopeeApplication - Starting ShopeeApplication using Java 17.0.12 with PID 5160 (C:\Users\abcxy\OneDrive\Desktop\workspace\project\shopee_clone\backend-clone-shopee\target\classes started by abcxy in C:\Users\abcxy\OneDrive\Desktop\workspace\project\shopee_clone\backend-clone-shopee)
2025-08-12 22:13:26 DEBUG com.minh.shopee.ShopeeApplication - Running with Spring Boot v3.4.5, Spring v6.2.6
2025-08-12 22:13:26 INFO  com.minh.shopee.ShopeeApplication - No active profile set, falling back to 1 default profile: "default"
2025-08-12 22:13:28 INFO  com.minh.shopee.ShopeeApplication - Started ShopeeApplication in 1.895 seconds (process running for 206.088)
2025-08-12 22:13:33 INFO  com.minh.shopee.ShopeeApplication - Starting ShopeeApplication using Java 17.0.12 with PID 5160 (C:\Users\abcxy\OneDrive\Desktop\workspace\project\shopee_clone\backend-clone-shopee\target\classes started by abcxy in C:\Users\abcxy\OneDrive\Desktop\workspace\project\shopee_clone\backend-clone-shopee)
2025-08-12 22:13:33 DEBUG com.minh.shopee.ShopeeApplication - Running with Spring Boot v3.4.5, Spring v6.2.6
2025-08-12 22:13:33 INFO  com.minh.shopee.ShopeeApplication - No active profile set, falling back to 1 default profile: "default"
2025-08-12 22:13:35 INFO  com.minh.shopee.ShopeeApplication - Started ShopeeApplication in 2.207 seconds (process running for 213.382)
2025-08-12 22:14:37 INFO  com.minh.shopee.ShopeeApplication - Starting ShopeeApplication using Java 17.0.12 with PID 8560 (C:\Users\abcxy\OneDrive\Desktop\workspace\project\shopee_clone\backend-clone-shopee\target\classes started by abcxy in C:\Users\abcxy\OneDrive\Desktop\workspace\project\shopee_clone\backend-clone-shopee)
2025-08-12 22:14:37 DEBUG com.minh.shopee.ShopeeApplication - Running with Spring Boot v3.4.5, Spring v6.2.6
2025-08-12 22:14:37 INFO  com.minh.shopee.ShopeeApplication - No active profile set, falling back to 1 default profile: "default"
2025-08-12 22:15:02 INFO  com.minh.shopee.ShopeeApplication - Started ShopeeApplication in 25.431 seconds (process running for 27.062)
2025-08-12 22:19:14 INFO  com.minh.shopee.ShopeeApplication - Starting ShopeeApplication using Java 17.0.12 with PID 8560 (C:\Users\abcxy\OneDrive\Desktop\workspace\project\shopee_clone\backend-clone-shopee\target\classes started by abcxy in C:\Users\abcxy\OneDrive\Desktop\workspace\project\shopee_clone\backend-clone-shopee)
2025-08-12 22:19:14 DEBUG com.minh.shopee.ShopeeApplication - Running with Spring Boot v3.4.5, Spring v6.2.6
2025-08-12 22:19:14 INFO  com.minh.shopee.ShopeeApplication - No active profile set, falling back to 1 default profile: "default"
2025-08-12 22:19:24 INFO  com.minh.shopee.ShopeeApplication - Started ShopeeApplication in 9.83 seconds (process running for 289.346)
2025-08-12 22:19:26 INFO  com.minh.shopee.ShopeeApplication - Starting ShopeeApplication using Java 17.0.12 with PID 8560 (C:\Users\abcxy\OneDrive\Desktop\workspace\project\shopee_clone\backend-clone-shopee\target\classes started by abcxy in C:\Users\abcxy\OneDrive\Desktop\workspace\project\shopee_clone\backend-clone-shopee)
2025-08-12 22:19:26 DEBUG com.minh.shopee.ShopeeApplication - Running with Spring Boot v3.4.5, Spring v6.2.6
2025-08-12 22:19:26 INFO  com.minh.shopee.ShopeeApplication - No active profile set, falling back to 1 default profile: "default"
2025-08-12 22:19:30 INFO  com.minh.shopee.ShopeeApplication - Started ShopeeApplication in 4.414 seconds (process running for 295.445)
2025-08-12 22:19:45 INFO  com.minh.shopee.ShopeeApplication - Starting ShopeeApplication using Java 17.0.12 with PID 8560 (C:\Users\abcxy\OneDrive\Desktop\workspace\project\shopee_clone\backend-clone-shopee\target\classes started by abcxy in C:\Users\abcxy\OneDrive\Desktop\workspace\project\shopee_clone\backend-clone-shopee)
2025-08-12 22:19:45 DEBUG com.minh.shopee.ShopeeApplication - Running with Spring Boot v3.4.5, Spring v6.2.6
2025-08-12 22:19:45 INFO  com.minh.shopee.ShopeeApplication - No active profile set, falling back to 1 default profile: "default"
2025-08-12 22:19:50 INFO  com.minh.shopee.ShopeeApplication - Started ShopeeApplication in 4.354 seconds (process running for 315.104)
2025-08-12 22:20:08 INFO  com.minh.shopee.ShopeeApplication - Starting ShopeeApplication using Java 17.0.12 with PID 8560 (C:\Users\abcxy\OneDrive\Desktop\workspace\project\shopee_clone\backend-clone-shopee\target\classes started by abcxy in C:\Users\abcxy\OneDrive\Desktop\workspace\project\shopee_clone\backend-clone-shopee)
2025-08-12 22:20:08 DEBUG com.minh.shopee.ShopeeApplication - Running with Spring Boot v3.4.5, Spring v6.2.6
2025-08-12 22:20:08 INFO  com.minh.shopee.ShopeeApplication - No active profile set, falling back to 1 default profile: "default"
2025-08-12 22:20:12 INFO  com.minh.shopee.ShopeeApplication - Started ShopeeApplication in 3.631 seconds (process running for 337.357)
2025-08-12 22:20:24 INFO  com.minh.shopee.ShopeeApplication - Starting ShopeeApplication using Java 17.0.12 with PID 8560 (C:\Users\abcxy\OneDrive\Desktop\workspace\project\shopee_clone\backend-clone-shopee\target\classes started by abcxy in C:\Users\abcxy\OneDrive\Desktop\workspace\project\shopee_clone\backend-clone-shopee)
2025-08-12 22:20:24 DEBUG com.minh.shopee.ShopeeApplication - Running with Spring Boot v3.4.5, Spring v6.2.6
2025-08-12 22:20:24 INFO  com.minh.shopee.ShopeeApplication - No active profile set, falling back to 1 default profile: "default"
2025-08-12 22:20:29 INFO  com.minh.shopee.ShopeeApplication - Started ShopeeApplication in 5.067 seconds (process running for 354.387)
2025-08-12 22:20:31 INFO  com.minh.shopee.ShopeeApplication - Starting ShopeeApplication using Java 17.0.12 with PID 8560 (C:\Users\abcxy\OneDrive\Desktop\workspace\project\shopee_clone\backend-clone-shopee\target\classes started by abcxy in C:\Users\abcxy\OneDrive\Desktop\workspace\project\shopee_clone\backend-clone-shopee)
2025-08-12 22:20:31 DEBUG com.minh.shopee.ShopeeApplication - Running with Spring Boot v3.4.5, Spring v6.2.6
2025-08-12 22:20:31 INFO  com.minh.shopee.ShopeeApplication - No active profile set, falling back to 1 default profile: "default"
2025-08-12 22:23:38 INFO  com.minh.shopee.ShopeeApplication - Starting ShopeeApplication using Java 17.0.12 with PID 14904 (C:\Users\abcxy\OneDrive\Desktop\workspace\project\shopee_clone\backend-clone-shopee\target\classes started by abcxy in C:\Users\abcxy\OneDrive\Desktop\workspace\project\shopee_clone\backend-clone-shopee)
2025-08-12 22:23:38 DEBUG com.minh.shopee.ShopeeApplication - Running with Spring Boot v3.4.5, Spring v6.2.6
2025-08-12 22:23:38 INFO  com.minh.shopee.ShopeeApplication - No active profile set, falling back to 1 default profile: "default"
2025-08-12 22:23:51 INFO  com.minh.shopee.ShopeeApplication - Started ShopeeApplication in 13.706 seconds (process running for 14.439)
2025-08-12 22:32:53 INFO  com.minh.shopee.ShopeeApplication - Starting ShopeeApplication using Java 17.0.12 with PID 14904 (C:\Users\abcxy\OneDrive\Desktop\workspace\project\shopee_clone\backend-clone-shopee\target\classes started by abcxy in C:\Users\abcxy\OneDrive\Desktop\workspace\project\shopee_clone\backend-clone-shopee)
2025-08-12 22:32:53 DEBUG com.minh.shopee.ShopeeApplication - Running with Spring Boot v3.4.5, Spring v6.2.6
2025-08-12 22:32:53 INFO  com.minh.shopee.ShopeeApplication - No active profile set, falling back to 1 default profile: "default"
2025-08-12 22:32:56 INFO  com.minh.shopee.ShopeeApplication - Started ShopeeApplication in 3.133 seconds (process running for 559.116)
2025-08-12 22:33:17 INFO  com.minh.shopee.ShopeeApplication - Starting ShopeeApplication using Java 17.0.12 with PID 14904 (C:\Users\abcxy\OneDrive\Desktop\workspace\project\shopee_clone\backend-clone-shopee\target\classes started by abcxy in C:\Users\abcxy\OneDrive\Desktop\workspace\project\shopee_clone\backend-clone-shopee)
2025-08-12 22:33:17 DEBUG com.minh.shopee.ShopeeApplication - Running with Spring Boot v3.4.5, Spring v6.2.6
2025-08-12 22:33:17 INFO  com.minh.shopee.ShopeeApplication - No active profile set, falling back to 1 default profile: "default"
2025-08-12 22:33:20 INFO  com.minh.shopee.ShopeeApplication - Started ShopeeApplication in 2.659 seconds (process running for 583.087)
2025-08-12 22:33:27 INFO  com.minh.shopee.ShopeeApplication - Starting ShopeeApplication using Java 17.0.12 with PID 14904 (C:\Users\abcxy\OneDrive\Desktop\workspace\project\shopee_clone\backend-clone-shopee\target\classes started by abcxy in C:\Users\abcxy\OneDrive\Desktop\workspace\project\shopee_clone\backend-clone-shopee)
2025-08-12 22:33:27 DEBUG com.minh.shopee.ShopeeApplication - Running with Spring Boot v3.4.5, Spring v6.2.6
2025-08-12 22:33:27 INFO  com.minh.shopee.ShopeeApplication - No active profile set, falling back to 1 default profile: "default"
2025-08-12 22:33:31 INFO  com.minh.shopee.ShopeeApplication - Started ShopeeApplication in 3.857 seconds (process running for 593.552)
2025-08-12 22:33:32 INFO  com.minh.shopee.ShopeeApplication - Starting ShopeeApplication using Java 17.0.12 with PID 14904 (C:\Users\abcxy\OneDrive\Desktop\workspace\project\shopee_clone\backend-clone-shopee\target\classes started by abcxy in C:\Users\abcxy\OneDrive\Desktop\workspace\project\shopee_clone\backend-clone-shopee)
2025-08-12 22:33:32 DEBUG com.minh.shopee.ShopeeApplication - Running with Spring Boot v3.4.5, Spring v6.2.6
2025-08-12 22:33:32 INFO  com.minh.shopee.ShopeeApplication - No active profile set, falling back to 1 default profile: "default"
2025-08-12 22:33:35 INFO  com.minh.shopee.ShopeeApplication - Started ShopeeApplication in 2.541 seconds (process running for 597.702)
2025-08-12 22:34:06 INFO  com.minh.shopee.ShopeeApplication - Starting ShopeeApplication using Java 17.0.12 with PID 14904 (C:\Users\abcxy\OneDrive\Desktop\workspace\project\shopee_clone\backend-clone-shopee\target\classes started by abcxy in C:\Users\abcxy\OneDrive\Desktop\workspace\project\shopee_clone\backend-clone-shopee)
2025-08-12 22:34:06 DEBUG com.minh.shopee.ShopeeApplication - Running with Spring Boot v3.4.5, Spring v6.2.6
2025-08-12 22:34:06 INFO  com.minh.shopee.ShopeeApplication - No active profile set, falling back to 1 default profile: "default"
2025-08-12 22:34:08 INFO  com.minh.shopee.ShopeeApplication - Started ShopeeApplication in 2.264 seconds (process running for 630.746)
2025-08-12 22:34:30 INFO  com.minh.shopee.ShopeeApplication - Starting ShopeeApplication using Java 17.0.12 with PID 14904 (C:\Users\abcxy\OneDrive\Desktop\workspace\project\shopee_clone\backend-clone-shopee\target\classes started by abcxy in C:\Users\abcxy\OneDrive\Desktop\workspace\project\shopee_clone\backend-clone-shopee)
2025-08-12 22:34:30 DEBUG com.minh.shopee.ShopeeApplication - Running with Spring Boot v3.4.5, Spring v6.2.6
2025-08-12 22:34:30 INFO  com.minh.shopee.ShopeeApplication - No active profile set, falling back to 1 default profile: "default"
2025-08-12 22:34:32 INFO  com.minh.shopee.ShopeeApplication - Started ShopeeApplication in 2.032 seconds (process running for 655.274)
2025-08-12 22:35:28 INFO  com.minh.shopee.ShopeeApplication - Starting ShopeeApplication using Java 17.0.12 with PID 14904 (C:\Users\abcxy\OneDrive\Desktop\workspace\project\shopee_clone\backend-clone-shopee\target\classes started by abcxy in C:\Users\abcxy\OneDrive\Desktop\workspace\project\shopee_clone\backend-clone-shopee)
2025-08-12 22:35:28 DEBUG com.minh.shopee.ShopeeApplication - Running with Spring Boot v3.4.5, Spring v6.2.6
2025-08-12 22:35:28 INFO  com.minh.shopee.ShopeeApplication - No active profile set, falling back to 1 default profile: "default"
2025-08-12 22:35:29 INFO  com.minh.shopee.ShopeeApplication - Started ShopeeApplication in 1.627 seconds (process running for 712.416)
2025-08-12 22:36:07 INFO  com.minh.shopee.ShopeeApplication - Starting ShopeeApplication using Java 17.0.12 with PID 14904 (C:\Users\abcxy\OneDrive\Desktop\workspace\project\shopee_clone\backend-clone-shopee\target\classes started by abcxy in C:\Users\abcxy\OneDrive\Desktop\workspace\project\shopee_clone\backend-clone-shopee)
2025-08-12 22:36:07 DEBUG com.minh.shopee.ShopeeApplication - Running with Spring Boot v3.4.5, Spring v6.2.6
2025-08-12 22:36:07 INFO  com.minh.shopee.ShopeeApplication - No active profile set, falling back to 1 default profile: "default"
2025-08-12 22:36:09 INFO  com.minh.shopee.ShopeeApplication - Started ShopeeApplication in 2.012 seconds (process running for 752.324)
2025-08-12 22:36:54 INFO  com.minh.shopee.ShopeeApplication - Starting ShopeeApplication using Java 17.0.12 with PID 14904 (C:\Users\abcxy\OneDrive\Desktop\workspace\project\shopee_clone\backend-clone-shopee\target\classes started by abcxy in C:\Users\abcxy\OneDrive\Desktop\workspace\project\shopee_clone\backend-clone-shopee)
2025-08-12 22:36:54 DEBUG com.minh.shopee.ShopeeApplication - Running with Spring Boot v3.4.5, Spring v6.2.6
2025-08-12 22:36:54 INFO  com.minh.shopee.ShopeeApplication - No active profile set, falling back to 1 default profile: "default"
2025-08-12 22:36:55 INFO  com.minh.shopee.ShopeeApplication - Started ShopeeApplication in 1.622 seconds (process running for 798.215)
2025-08-12 22:37:11 INFO  com.minh.shopee.ShopeeApplication - Starting ShopeeApplication using Java 17.0.12 with PID 14904 (C:\Users\abcxy\OneDrive\Desktop\workspace\project\shopee_clone\backend-clone-shopee\target\classes started by abcxy in C:\Users\abcxy\OneDrive\Desktop\workspace\project\shopee_clone\backend-clone-shopee)
2025-08-12 22:37:11 DEBUG com.minh.shopee.ShopeeApplication - Running with Spring Boot v3.4.5, Spring v6.2.6
2025-08-12 22:37:11 INFO  com.minh.shopee.ShopeeApplication - No active profile set, falling back to 1 default profile: "default"
2025-08-12 22:37:13 INFO  com.minh.shopee.ShopeeApplication - Started ShopeeApplication in 2.001 seconds (process running for 816.302)
2025-08-12 22:37:32 INFO  com.minh.shopee.ShopeeApplication - Starting ShopeeApplication using Java 17.0.12 with PID 14904 (C:\Users\abcxy\OneDrive\Desktop\workspace\project\shopee_clone\backend-clone-shopee\target\classes started by abcxy in C:\Users\abcxy\OneDrive\Desktop\workspace\project\shopee_clone\backend-clone-shopee)
2025-08-12 22:37:32 DEBUG com.minh.shopee.ShopeeApplication - Running with Spring Boot v3.4.5, Spring v6.2.6
2025-08-12 22:37:32 INFO  com.minh.shopee.ShopeeApplication - No active profile set, falling back to 1 default profile: "default"
2025-08-12 22:37:34 INFO  com.minh.shopee.ShopeeApplication - Started ShopeeApplication in 1.858 seconds (process running for 836.966)
2025-08-12 22:38:38 INFO  com.minh.shopee.ShopeeApplication - Starting ShopeeApplication using Java 17.0.12 with PID 14904 (C:\Users\abcxy\OneDrive\Desktop\workspace\project\shopee_clone\backend-clone-shopee\target\classes started by abcxy in C:\Users\abcxy\OneDrive\Desktop\workspace\project\shopee_clone\backend-clone-shopee)
2025-08-12 22:38:38 DEBUG com.minh.shopee.ShopeeApplication - Running with Spring Boot v3.4.5, Spring v6.2.6
2025-08-12 22:38:38 INFO  com.minh.shopee.ShopeeApplication - No active profile set, falling back to 1 default profile: "default"
2025-08-12 22:38:40 INFO  com.minh.shopee.ShopeeApplication - Started ShopeeApplication in 2.256 seconds (process running for 903.297)
2025-08-12 22:38:42 INFO  com.minh.shopee.ShopeeApplication - Starting ShopeeApplication using Java 17.0.12 with PID 14904 (C:\Users\abcxy\OneDrive\Desktop\workspace\project\shopee_clone\backend-clone-shopee\target\classes started by abcxy in C:\Users\abcxy\OneDrive\Desktop\workspace\project\shopee_clone\backend-clone-shopee)
2025-08-12 22:38:42 DEBUG com.minh.shopee.ShopeeApplication - Running with Spring Boot v3.4.5, Spring v6.2.6
2025-08-12 22:38:42 INFO  com.minh.shopee.ShopeeApplication - No active profile set, falling back to 1 default profile: "default"
2025-08-12 22:38:44 INFO  com.minh.shopee.ShopeeApplication - Started ShopeeApplication in 1.709 seconds (process running for 906.925)
2025-08-12 22:39:24 INFO  com.minh.shopee.ShopeeApplication - Starting ShopeeApplication using Java 17.0.12 with PID 14904 (C:\Users\abcxy\OneDrive\Desktop\workspace\project\shopee_clone\backend-clone-shopee\target\classes started by abcxy in C:\Users\abcxy\OneDrive\Desktop\workspace\project\shopee_clone\backend-clone-shopee)
2025-08-12 22:39:24 DEBUG com.minh.shopee.ShopeeApplication - Running with Spring Boot v3.4.5, Spring v6.2.6
2025-08-12 22:39:24 INFO  com.minh.shopee.ShopeeApplication - No active profile set, falling back to 1 default profile: "default"
2025-08-12 22:39:26 INFO  com.minh.shopee.ShopeeApplication - Started ShopeeApplication in 1.374 seconds (process running for 948.685)
2025-08-12 22:39:35 INFO  com.minh.shopee.ShopeeApplication - Starting ShopeeApplication using Java 17.0.12 with PID 14904 (C:\Users\abcxy\OneDrive\Desktop\workspace\project\shopee_clone\backend-clone-shopee\target\classes started by abcxy in C:\Users\abcxy\OneDrive\Desktop\workspace\project\shopee_clone\backend-clone-shopee)
2025-08-12 22:39:35 DEBUG com.minh.shopee.ShopeeApplication - Running with Spring Boot v3.4.5, Spring v6.2.6
2025-08-12 22:39:35 INFO  com.minh.shopee.ShopeeApplication - No active profile set, falling back to 1 default profile: "default"
2025-08-12 22:39:36 INFO  com.minh.shopee.ShopeeApplication - Started ShopeeApplication in 1.556 seconds (process running for 959.233)
2025-08-12 22:40:15 INFO  com.minh.shopee.ShopeeApplication - Starting ShopeeApplication using Java 17.0.12 with PID 14904 (C:\Users\abcxy\OneDrive\Desktop\workspace\project\shopee_clone\backend-clone-shopee\target\classes started by abcxy in C:\Users\abcxy\OneDrive\Desktop\workspace\project\shopee_clone\backend-clone-shopee)
2025-08-12 22:40:15 DEBUG com.minh.shopee.ShopeeApplication - Running with Spring Boot v3.4.5, Spring v6.2.6
2025-08-12 22:40:15 INFO  com.minh.shopee.ShopeeApplication - No active profile set, falling back to 1 default profile: "default"
2025-08-12 22:40:17 INFO  com.minh.shopee.ShopeeApplication - Started ShopeeApplication in 1.655 seconds (process running for 999.738)
2025-08-12 22:40:33 INFO  com.minh.shopee.ShopeeApplication - Starting ShopeeApplication using Java 17.0.12 with PID 14904 (C:\Users\abcxy\OneDrive\Desktop\workspace\project\shopee_clone\backend-clone-shopee\target\classes started by abcxy in C:\Users\abcxy\OneDrive\Desktop\workspace\project\shopee_clone\backend-clone-shopee)
2025-08-12 22:40:33 DEBUG com.minh.shopee.ShopeeApplication - Running with Spring Boot v3.4.5, Spring v6.2.6
2025-08-12 22:40:33 INFO  com.minh.shopee.ShopeeApplication - No active profile set, falling back to 1 default profile: "default"
2025-08-12 22:40:34 INFO  com.minh.shopee.ShopeeApplication - Started ShopeeApplication in 1.561 seconds (process running for 1017.473)
2025-08-12 22:40:38 INFO  com.minh.shopee.ShopeeApplication - Starting ShopeeApplication using Java 17.0.12 with PID 14904 (C:\Users\abcxy\OneDrive\Desktop\workspace\project\shopee_clone\backend-clone-shopee\target\classes started by abcxy in C:\Users\abcxy\OneDrive\Desktop\workspace\project\shopee_clone\backend-clone-shopee)
2025-08-12 22:40:38 DEBUG com.minh.shopee.ShopeeApplication - Running with Spring Boot v3.4.5, Spring v6.2.6
2025-08-12 22:40:38 INFO  com.minh.shopee.ShopeeApplication - No active profile set, falling back to 1 default profile: "default"
2025-08-12 22:40:40 INFO  com.minh.shopee.ShopeeApplication - Started ShopeeApplication in 1.24 seconds (process running for 1022.506)
2025-08-12 22:41:51 INFO  com.minh.shopee.ShopeeApplication - Starting ShopeeApplication using Java 17.0.12 with PID 14904 (C:\Users\abcxy\OneDrive\Desktop\workspace\project\shopee_clone\backend-clone-shopee\target\classes started by abcxy in C:\Users\abcxy\OneDrive\Desktop\workspace\project\shopee_clone\backend-clone-shopee)
2025-08-12 22:41:51 DEBUG com.minh.shopee.ShopeeApplication - Running with Spring Boot v3.4.5, Spring v6.2.6
2025-08-12 22:41:51 INFO  com.minh.shopee.ShopeeApplication - No active profile set, falling back to 1 default profile: "default"
2025-08-12 22:41:52 INFO  com.minh.shopee.ShopeeApplication - Started ShopeeApplication in 1.309 seconds (process running for 1094.801)
2025-08-12 22:43:59 INFO  com.minh.shopee.ShopeeApplication - Starting ShopeeApplication using Java 17.0.12 with PID 14904 (C:\Users\abcxy\OneDrive\Desktop\workspace\project\shopee_clone\backend-clone-shopee\target\classes started by abcxy in C:\Users\abcxy\OneDrive\Desktop\workspace\project\shopee_clone\backend-clone-shopee)
2025-08-12 22:43:59 DEBUG com.minh.shopee.ShopeeApplication - Running with Spring Boot v3.4.5, Spring v6.2.6
2025-08-12 22:43:59 INFO  com.minh.shopee.ShopeeApplication - No active profile set, falling back to 1 default profile: "default"
2025-08-12 22:44:00 INFO  com.minh.shopee.ShopeeApplication - Started ShopeeApplication in 1.336 seconds (process running for 1223.412)
2025-08-12 22:44:14 INFO  com.minh.shopee.ShopeeApplication - Starting ShopeeApplication using Java 17.0.12 with PID 14904 (C:\Users\abcxy\OneDrive\Desktop\workspace\project\shopee_clone\backend-clone-shopee\target\classes started by abcxy in C:\Users\abcxy\OneDrive\Desktop\workspace\project\shopee_clone\backend-clone-shopee)
2025-08-12 22:44:14 DEBUG com.minh.shopee.ShopeeApplication - Running with Spring Boot v3.4.5, Spring v6.2.6
2025-08-12 22:44:14 INFO  com.minh.shopee.ShopeeApplication - No active profile set, falling back to 1 default profile: "default"
2025-08-12 22:44:15 INFO  com.minh.shopee.ShopeeApplication - Started ShopeeApplication in 1.265 seconds (process running for 1237.891)
2025-08-12 22:44:37 INFO  com.minh.shopee.ShopeeApplication - Starting ShopeeApplication using Java 17.0.12 with PID 14904 (C:\Users\abcxy\OneDrive\Desktop\workspace\project\shopee_clone\backend-clone-shopee\target\classes started by abcxy in C:\Users\abcxy\OneDrive\Desktop\workspace\project\shopee_clone\backend-clone-shopee)
2025-08-12 22:44:37 DEBUG com.minh.shopee.ShopeeApplication - Running with Spring Boot v3.4.5, Spring v6.2.6
2025-08-12 22:44:37 INFO  com.minh.shopee.ShopeeApplication - No active profile set, falling back to 1 default profile: "default"
2025-08-12 22:44:39 INFO  com.minh.shopee.ShopeeApplication - Started ShopeeApplication in 1.401 seconds (process running for 1261.573)
2025-08-12 22:44:41 INFO  com.minh.shopee.ShopeeApplication - Starting ShopeeApplication using Java 17.0.12 with PID 14904 (C:\Users\abcxy\OneDrive\Desktop\workspace\project\shopee_clone\backend-clone-shopee\target\classes started by abcxy in C:\Users\abcxy\OneDrive\Desktop\workspace\project\shopee_clone\backend-clone-shopee)
2025-08-12 22:44:41 DEBUG com.minh.shopee.ShopeeApplication - Running with Spring Boot v3.4.5, Spring v6.2.6
2025-08-12 22:44:41 INFO  com.minh.shopee.ShopeeApplication - No active profile set, falling back to 1 default profile: "default"
2025-08-12 22:44:43 INFO  com.minh.shopee.ShopeeApplication - Started ShopeeApplication in 1.48 seconds (process running for 1265.776)
2025-08-12 22:47:28 INFO  com.minh.shopee.ShopeeApplication - Starting ShopeeApplication using Java 17.0.12 with PID 14904 (C:\Users\abcxy\OneDrive\Desktop\workspace\project\shopee_clone\backend-clone-shopee\target\classes started by abcxy in C:\Users\abcxy\OneDrive\Desktop\workspace\project\shopee_clone\backend-clone-shopee)
2025-08-12 22:47:28 DEBUG com.minh.shopee.ShopeeApplication - Running with Spring Boot v3.4.5, Spring v6.2.6
2025-08-12 22:47:28 INFO  com.minh.shopee.ShopeeApplication - No active profile set, falling back to 1 default profile: "default"
